<?xml version="1.0" encoding="UTF-8"?>
<testsuite name="ad.cfp.memory.test.Exercici1Test" tests="2" skipped="0" failures="0" errors="0" timestamp="2023-12-12T06:51:05" hostname="MacBook-Pro-de-Alvaro.local" time="6.283">
  <properties/>
  <testcase name="El número generat està entre 1 i 8()" classname="ad.cfp.memory.test.Exercici1Test" time="5.997"/>
  <testcase name="distribution test()" classname="ad.cfp.memory.test.Exercici1Test" time="0.273"/>
  <system-out><![CDATA[]]></system-out>
  <system-err><![CDATA[dic 12, 2023 7:51:05 A. M. com.sun.javafx.application.PlatformImpl startup
ADVERTENCIA: Unsupported JavaFX configuration: classes were loaded from 'unnamed module @1ca7bef1'
dic 12, 2023 7:51:10 A. M. com.sun.glass.ui.mac.MacApplication lambda$waitForReactivation$6
ADVERTENCIA: Timeout while waiting for app reactivation
]]></system-err>
</testsuite>
